Build started 12/03/2014 17:50:50.
     1>Project "C:\Development\Projects\OpenGLDotNet\Assembler.vcxproj" on node 2 (rebuild target(s)).
     1>_PrepareForClean:
         Deleting file "Release\Assembler.lastbuildstate".
       InitializeBuildStatus:
         Creating "Release\Assembler.unsuccessfulbuild" because "AlwaysCreate" was specified.
       ClCompile:
         c:\Program Files (x86)\Microsoft Visual Studio 10.0\VC\bin\CL.exe /c /Zi /nologo /W3 /WX- /O2 /Oi /Oy- /GL /D _WINDLL /D _MBCS /Gm- /EHsc /MD /GS /Gy /fp:precise /Zc:wchar_t /Zc:forScope /Fo"Release\\" /Fd"Release\vc100.pdb" /Gd /TC /analyze- /errorReport:prompt Source\Assembler\assembler.c
         assembler.c
       Link:
         c:\Program Files (x86)\Microsoft Visual Studio 10.0\VC\bin\link.exe /ERRORREPORT:PROMPT /OUT:"C:\Development\Projects\OpenGLDotNet\Release\Assembler.dll" /NOLOGO kernel32.lib user32.lib gdi32.lib winspool.lib comdlg32.lib advapi32.lib shell32.lib ole32.lib oleaut32.lib uuid.lib odbc32.lib odbccp32.lib /MANIFEST /ManifestFile:"Release\Assembler.dll.intermediate.manifest" /MANIFESTUAC:"level='asInvoker' uiAccess='false'" /DEBUG /PDB:"C:\Development\Projects\OpenGLDotNet\Release\Assembler.pdb" /OPT:REF /OPT:ICF /LTCG /TLBID:1 /DYNAMICBASE /NXCOMPAT /IMPLIB:"C:\Development\Projects\OpenGLDotNet\Release\Assembler.lib" /MACHINE:X86 /DLL Release\assembler.obj
            Creating library C:\Development\Projects\OpenGLDotNet\Release\Assembler.lib and object C:\Development\Projects\OpenGLDotNet\Release\Assembler.exp
         Generating code
         Finished generating code
         Assembler.vcxproj -> C:\Development\Projects\OpenGLDotNet\Release\Assembler.dll
       Manifest:
         C:\Program Files (x86)\Microsoft SDKs\Windows\v7.0A\bin\mt.exe /nologo /verbose /outputresource:"C:\Development\Projects\OpenGLDotNet\Release\Assembler.dll;#2" /manifest Release\Assembler.dll.intermediate.manifest
       FinalizeBuildStatus:
         Deleting file "Release\Assembler.unsuccessfulbuild".
         Touching "Release\Assembler.lastbuildstate".
     1>Done Building Project "C:\Development\Projects\OpenGLDotNet\Assembler.vcxproj" (rebuild target(s)).

Build succeeded.

Time Elapsed 00:00:00.51
